[2021-11-13 22:33:18.597] [TuanDesktop] [main] INFO i.a.springapp.SpringAppApplication@logStarting:55 - Starting SpringAppApplication using Java 1.8.0_144 on TuanDesktop with PID 15532 (D:\docker\elk\spring-app\target\classes started by anhtu in D:\docker\elk\spring-app)
[2021-11-13 22:33:18.601] [TuanDesktop] [main] INFO i.a.springapp.SpringAppApplication@logStartupProfileInfo:659 - No active profile set, falling back to default profiles: default
[2021-11-13 22:33:19.351] [TuanDesktop] [main] INFO o.s.b.w.e.tomcat.TomcatWebServer@initialize:108 - Tomcat initialized with port(s): 8080 (http)
[2021-11-13 22:33:19.359] [TuanDesktop] [main] INFO o.a.catalina.core.StandardService@log:173 - Starting service [Tomcat]
[2021-11-13 22:33:19.360] [TuanDesktop] [main] INFO o.a.catalina.core.StandardEngine@log:173 - Starting Servlet engine: [Apache Tomcat/9.0.54]
[2021-11-13 22:33:19.441] [TuanDesktop] [main] INFO o.a.c.c.C.[Tomcat].[localhost].[/]@log:173 - Initializing Spring embedded WebApplicationContext
[2021-11-13 22:33:19.441] [TuanDesktop] [main] INFO o.s.b.w.s.c.ServletWebServerApplicationContext@prepareWebApplicationContext:290 - Root WebApplicationContext: initialization completed in 801 ms
[2021-11-13 22:33:19.825] [TuanDesktop] [main] INFO o.s.b.w.e.tomcat.TomcatWebServer@start:220 - Tomcat started on port(s): 8080 (http) with context path ''
[2021-11-13 22:33:19.840] [TuanDesktop] [main] INFO i.a.springapp.SpringAppApplication@logStarted:61 - Started SpringAppApplication in 1.538 seconds (JVM running for 2.725)
[2021-11-13 22:34:40.954] [TuanDesktop] [main] INFO i.a.springapp.SpringAppApplication@logStarting:55 - Starting SpringAppApplication using Java 1.8.0_144 on TuanDesktop with PID 17260 (D:\docker\elk\spring-app\target\classes started by anhtu in D:\docker\elk\spring-app)
[2021-11-13 22:34:40.957] [TuanDesktop] [main] INFO i.a.springapp.SpringAppApplication@logStartupProfileInfo:659 - No active profile set, falling back to default profiles: default
[2021-11-13 22:34:41.768] [TuanDesktop] [main] INFO o.s.b.w.e.tomcat.TomcatWebServer@initialize:108 - Tomcat initialized with port(s): 8080 (http)
[2021-11-13 22:34:41.777] [TuanDesktop] [main] INFO o.a.catalina.core.StandardService@log:173 - Starting service [Tomcat]
[2021-11-13 22:34:41.778] [TuanDesktop] [main] INFO o.a.catalina.core.StandardEngine@log:173 - Starting Servlet engine: [Apache Tomcat/9.0.54]
[2021-11-13 22:34:41.872] [TuanDesktop] [main] INFO o.a.c.c.C.[Tomcat].[localhost].[/]@log:173 - Initializing Spring embedded WebApplicationContext
[2021-11-13 22:34:41.873] [TuanDesktop] [main] INFO o.s.b.w.s.c.ServletWebServerApplicationContext@prepareWebApplicationContext:290 - Root WebApplicationContext: initialization completed in 869 ms
[2021-11-13 22:34:42.217] [TuanDesktop] [main] INFO o.s.b.w.e.tomcat.TomcatWebServer@start:220 - Tomcat started on port(s): 8080 (http) with context path ''
[2021-11-13 22:34:42.229] [TuanDesktop] [main] INFO i.a.springapp.SpringAppApplication@logStarted:61 - Started SpringAppApplication in 1.674 seconds (JVM running for 3.059)
[2021-11-13 23:13:20.608] [TuanDesktop] [main] INFO i.a.springapp.SpringAppApplication@logStarting:55 - Starting SpringAppApplication using Java 1.8.0_144 on TuanDesktop with PID 26164 (D:\docker\elk\spring-app\target\classes started by anhtu in D:\docker\elk\spring-app)
[2021-11-13 23:13:20.612] [TuanDesktop] [main] INFO i.a.springapp.SpringAppApplication@logStartupProfileInfo:659 - No active profile set, falling back to default profiles: default
[2021-11-13 23:13:21.497] [TuanDesktop] [main] INFO o.s.b.w.e.tomcat.TomcatWebServer@?:? - Tomcat initialized with port(s): 8080 (http)
[2021-11-13 23:13:21.507] [TuanDesktop] [main] INFO o.a.catalina.core.StandardService@?:? - Starting service [Tomcat]
[2021-11-13 23:13:21.508] [TuanDesktop] [main] INFO o.a.catalina.core.StandardEngine@log:173 - Starting Servlet engine: [Apache Tomcat/9.0.54]
[2021-11-13 23:13:21.582] [TuanDesktop] [main] INFO o.a.c.c.C.[Tomcat].[localhost].[/]@log:173 - Initializing Spring embedded WebApplicationContext
[2021-11-13 23:13:21.582] [TuanDesktop] [main] INFO o.s.b.w.s.c.ServletWebServerApplicationContext@prepareWebApplicationContext:290 - Root WebApplicationContext: initialization completed in 910 ms
[2021-11-13 23:13:21.864] [TuanDesktop] [main] INFO o.s.b.w.e.tomcat.TomcatWebServer@?:? - Tomcat started on port(s): 8080 (http) with context path ''
[2021-11-13 23:13:21.874] [TuanDesktop] [main] INFO i.a.springapp.SpringAppApplication@logStarted:61 - Started SpringAppApplication in 1.707 seconds (JVM running for 3.227)
[2021-11-13 23:16:22.066] [TuanDesktop] [http-nio-8080-exec-1] INFO o.a.c.c.C.[Tomcat].[localhost].[/]@?:? - Initializing Spring DispatcherServlet 'dispatcherServlet'
[2021-11-13 23:16:22.066] [TuanDesktop] [http-nio-8080-exec-1] INFO o.s.web.servlet.DispatcherServlet@initServletBean:525 - Initializing Servlet 'dispatcherServlet'
[2021-11-13 23:16:22.068] [TuanDesktop] [http-nio-8080-exec-1] INFO o.s.web.servlet.DispatcherServlet@initServletBean:547 - Completed initialization in 1 ms
[2021-11-13 23:16:22.092] [TuanDesktop] [http-nio-8080-exec-1] ERROR o.a.c.c.C.[.[.[.[dispatcherServlet]@log:175 - Servlet.service() for servlet [dispatcherServlet] in context with path [] threw exception [Request processing failed; nested exception is java.lang.ArithmeticException: / by zero] with root cause
java.lang.ArithmeticException: / by zero
	at io.a97lynk.springapp.SpringAppApplication.exception(SpringAppApplication.java:27)
	at sun.reflect.NativeMethodAccessorImpl.invoke0(Native Method)
	at sun.reflect.NativeMethodAccessorImpl.invoke(NativeMethodAccessorImpl.java:62)
	at sun.reflect.DelegatingMethodAccessorImpl.invoke(DelegatingMethodAccessorImpl.java:43)
	at java.lang.reflect.Method.invoke(Method.java:498)
	at org.springframework.web.method.support.InvocableHandlerMethod.doInvoke(InvocableHandlerMethod.java:205)
	at org.springframework.web.method.support.InvocableHandlerMethod.invokeForRequest(InvocableHandlerMethod.java:150)
	at org.springframework.web.servlet.mvc.method.annotation.ServletInvocableHandlerMethod.invokeAndHandle(ServletInvocableHandlerMethod.java:117)
	at org.springframework.web.servlet.mvc.method.annotation.RequestMappingHandlerAdapter.invokeHandlerMethod(RequestMappingHandlerAdapter.java:895)
	at org.springframework.web.servlet.mvc.method.annotation.RequestMappingHandlerAdapter.handleInternal(RequestMappingHandlerAdapter.java:808)
	at org.springframework.web.servlet.mvc.method.AbstractHandlerMethodAdapter.handle(AbstractHandlerMethodAdapter.java:87)
	at org.springframework.web.servlet.DispatcherServlet.doDispatch(DispatcherServlet.java:1067)
	at org.springframework.web.servlet.DispatcherServlet.doService(DispatcherServlet.java:963)
	at org.springframework.web.servlet.FrameworkServlet.processRequest(FrameworkServlet.java:1006)
	at org.springframework.web.servlet.FrameworkServlet.doGet(FrameworkServlet.java:898)
	at javax.servlet.http.HttpServlet.service(HttpServlet.java:655)
	at org.springframework.web.servlet.FrameworkServlet.service(FrameworkServlet.java:883)
	at javax.servlet.http.HttpServlet.service(HttpServlet.java:764)
	at org.apache.catalina.core.ApplicationFilterChain.internalDoFilter(ApplicationFilterChain.java:227)
	at org.apache.catalina.core.ApplicationFilterChain.doFilter(ApplicationFilterChain.java:162)
	at org.apache.tomcat.websocket.server.WsFilter.doFilter(WsFilter.java:53)
	at org.apache.catalina.core.ApplicationFilterChain.internalDoFilter(ApplicationFilterChain.java:189)
	at org.apache.catalina.core.ApplicationFilterChain.doFilter(ApplicationFilterChain.java:162)
	at org.springframework.web.filter.RequestContextFilter.doFilterInternal(RequestContextFilter.java:100)
	at org.springframework.web.filter.OncePerRequestFilter.doFilter(OncePerRequestFilter.java:119)
	at org.apache.catalina.core.ApplicationFilterChain.internalDoFilter(ApplicationFilterChain.java:189)
	at org.apache.catalina.core.ApplicationFilterChain.doFilter(ApplicationFilterChain.java:162)
	at org.springframework.web.filter.FormContentFilter.doFilterInternal(FormContentFilter.java:93)
	at org.springframework.web.filter.OncePerRequestFilter.doFilter(OncePerRequestFilter.java:119)
	at org.apache.catalina.core.ApplicationFilterChain.internalDoFilter(ApplicationFilterChain.java:189)
	at org.apache.catalina.core.ApplicationFilterChain.doFilter(ApplicationFilterChain.java:162)
	at org.springframework.web.filter.CharacterEncodingFilter.doFilterInternal(CharacterEncodingFilter.java:201)
	at org.springframework.web.filter.OncePerRequestFilter.doFilter(OncePerRequestFilter.java:119)
	at org.apache.catalina.core.ApplicationFilterChain.internalDoFilter(ApplicationFilterChain.java:189)
	at org.apache.catalina.core.ApplicationFilterChain.doFilter(ApplicationFilterChain.java:162)
	at org.apache.catalina.core.StandardWrapperValve.invoke(StandardWrapperValve.java:197)
	at org.apache.catalina.core.StandardContextValve.invoke(StandardContextValve.java:97)
	at org.apache.catalina.authenticator.AuthenticatorBase.invoke(AuthenticatorBase.java:540)
	at org.apache.catalina.core.StandardHostValve.invoke(StandardHostValve.java:135)
	at org.apache.catalina.valves.ErrorReportValve.invoke(ErrorReportValve.java:92)
	at org.apache.catalina.core.StandardEngineValve.invoke(StandardEngineValve.java:78)
	at org.apache.catalina.connector.CoyoteAdapter.service(CoyoteAdapter.java:357)
	at org.apache.coyote.http11.Http11Processor.service(Http11Processor.java:382)
	at org.apache.coyote.AbstractProcessorLight.process(AbstractProcessorLight.java:65)
	at org.apache.coyote.AbstractProtocol$ConnectionHandler.process(AbstractProtocol.java:895)
	at org.apache.tomcat.util.net.NioEndpoint$SocketProcessor.doRun(NioEndpoint.java:1722)
	at org.apache.tomcat.util.net.SocketProcessorBase.run(SocketProcessorBase.java:49)
	at org.apache.tomcat.util.threads.ThreadPoolExecutor.runWorker(ThreadPoolExecutor.java:1191)
	at org.apache.tomcat.util.threads.ThreadPoolExecutor$Worker.run(ThreadPoolExecutor.java:659)
	at org.apache.tomcat.util.threads.TaskThread$WrappingRunnable.run(TaskThread.java:61)
	at java.lang.Thread.run(Thread.java:748)
